<?xml version="1.0" encoding="UTF-8" ?>
<testsuite errors="0" failures="0" hostname="DESKTOP-K17M29P" name="medrecapp.Services.B_SpesialisGuiServiceTest" skipped="0" tests="5" time="18.066" timestamp="2016-04-01T05:39:30">
  <properties>
[...]
</properties>
  <testcase classname="medrecapp.Services.B_SpesialisGuiServiceTest" name="a_insertDataSpesialisKosong" time="0.706" />
  <testcase classname="medrecapp.Services.B_SpesialisGuiServiceTest" name="b_insertDataSpesialis" time="5.689" />
  <testcase classname="medrecapp.Services.B_SpesialisGuiServiceTest" name="c_updateDataSpesialisKosong" time="2.337" />
  <testcase classname="medrecapp.Services.B_SpesialisGuiServiceTest" name="d_updateDataSpesialis" time="5.927" />
  <testcase classname="medrecapp.Services.B_SpesialisGuiServiceTest" name="e_deleteDataSpesialis" time="1.171" />
  <system-out><![CDATA[1. InsertDataSpesialisKosong
2. InsertDataSpesialis
3. UpdateDataSpesialisKosong
4. UpdateDataSpesialis
5. DeleteDataSpesialis
]]></system-out>
  <system-err><![CDATA[]]></system-err>
</testsuite>
