<?xml version="1.0" encoding="UTF-8" ?>
<testsuite errors="0" failures="0" hostname="asus-PC" name="medrecapp.Services.StafServiceTest" skipped="0" tests="4" time="0.305" timestamp="2014-02-03T06:40:04">
  <properties>
[...]
</properties>
  <testcase classname="medrecapp.Services.StafServiceTest" name="a_insertStaf" time="0.226" />
  <testcase classname="medrecapp.Services.StafServiceTest" name="b_updateStaf" time="0.002" />
  <testcase classname="medrecapp.Services.StafServiceTest" name="c_deleteStaf" time="0.003" />
  <testcase classname="medrecapp.Services.StafServiceTest" name="d_getAllStaf" time="0.0" />
  <system-out><![CDATA[1. serviceInsertStaf
2. serviceUpdateStaf
3. serviceDeleteStaf
4. serviceGetAllStaf
]]></system-out>
  <system-err><![CDATA[]]></system-err>
</testsuite>
